<?xml version="1.0" encoding="UTF-8"?>
<testsuite name="com.expenseai.EmailParserTest" tests="9" skipped="0" failures="0" errors="0" timestamp="2026-04-09T04:07:15" hostname="WOLFSBANE" time="0.072">
  <properties/>
  <testcase name="dedup key is stable" classname="com.expenseai.EmailParserTest" time="0.02"/>
  <testcase name="extracts vendor from subject when body ambiguous" classname="com.expenseai.EmailParserTest" time="0.039"/>
  <testcase name="parses IRCTC booking" classname="com.expenseai.EmailParserTest" time="0.001"/>
  <testcase name="parses Amazon order amount" classname="com.expenseai.EmailParserTest" time="0.0"/>
  <testcase name="returns null for non-transactional email" classname="com.expenseai.EmailParserTest" time="0.0"/>
  <testcase name="defaults date to today when not found" classname="com.expenseai.EmailParserTest" time="0.006"/>
  <testcase name="handles HTML-stripped email" classname="com.expenseai.EmailParserTest" time="0.0"/>
  <testcase name="parses hotel booking" classname="com.expenseai.EmailParserTest" time="0.001"/>
  <testcase name="parses Swiggy receipt" classname="com.expenseai.EmailParserTest" time="0.001"/>
  <system-out><![CDATA[]]></system-out>
  <system-err><![CDATA[]]></system-err>
</testsuite>
