<?xml version="1.0" encoding="UTF-8"?>
<testsuite name="com.expenseai.SmsParserTest" tests="15" skipped="0" failures="0" errors="0" timestamp="2026-04-09T04:07:17" hostname="WOLFSBANE" time="0.011">
  <properties/>
  <testcase name="extracts date in dd-MM-yyyy format" classname="com.expenseai.SmsParserTest" time="0.002"/>
  <testcase name="parses rupee symbol amount" classname="com.expenseai.SmsParserTest" time="0.0"/>
  <testcase name="parses amount with comma separators" classname="com.expenseai.SmsParserTest" time="0.002"/>
  <testcase name="parses SBI ATM withdrawal" classname="com.expenseai.SmsParserTest" time="0.0"/>
  <testcase name="dedupKey is stable for same message" classname="com.expenseai.SmsParserTest" time="0.0"/>
  <testcase name="parses Kotak net banking transfer" classname="com.expenseai.SmsParserTest" time="0.001"/>
  <testcase name="extracts date in dd-Mon-yy format" classname="com.expenseai.SmsParserTest" time="0.001"/>
  <testcase name="returns null for promotional message" classname="com.expenseai.SmsParserTest" time="0.0"/>
  <testcase name="parses HDFC debit alert" classname="com.expenseai.SmsParserTest" time="0.0"/>
  <testcase name="dedupKey differs for different messages" classname="com.expenseai.SmsParserTest" time="0.0"/>
  <testcase name="parses Axis UPI debit" classname="com.expenseai.SmsParserTest" time="0.001"/>
  <testcase name="parses whole number amount" classname="com.expenseai.SmsParserTest" time="0.0"/>
  <testcase name="extracts date in dd-MM-yy format" classname="com.expenseai.SmsParserTest" time="0.001"/>
  <testcase name="parses ICICI credit card spend" classname="com.expenseai.SmsParserTest" time="0.0"/>
  <testcase name="returns null for OTP message" classname="com.expenseai.SmsParserTest" time="0.0"/>
  <system-out><![CDATA[]]></system-out>
  <system-err><![CDATA[]]></system-err>
</testsuite>
