<?xml version="1.0" encoding="UTF-8"?>
<testsuite name="com.expenseai.ReviewViewModelTest" tests="4" skipped="0" failures="0" errors="0" timestamp="2026-04-09T04:07:17" hostname="WOLFSBANE" time="0.221">
  <properties/>
  <testcase name="pending list emits from dao" classname="com.expenseai.ReviewViewModelTest" time="0.158"/>
  <testcase name="reject deletes from pending dao" classname="com.expenseai.ReviewViewModelTest" time="0.045"/>
  <testcase name="confirm moves pending to expenses" classname="com.expenseai.ReviewViewModelTest" time="0.008"/>
  <testcase name="shared text failure updates error state" classname="com.expenseai.ReviewViewModelTest" time="0.01"/>
  <system-out><![CDATA[]]></system-out>
  <system-err><![CDATA[]]></system-err>
</testsuite>
