<?xml version="1.0" encoding="UTF-8"?>
<testsuite name="com.expenseai.ProcessSmsUseCaseTest" tests="4" skipped="0" failures="0" errors="0" timestamp="2026-04-09T04:07:17" hostname="WOLFSBANE" time="0.236">
  <properties/>
  <testcase name="duplicate dedup key is not inserted again" classname="com.expenseai.ProcessSmsUseCaseTest" time="0.214"/>
  <testcase name="non-transaction SMS is skipped" classname="com.expenseai.ProcessSmsUseCaseTest" time="0.007"/>
  <testcase name="staging new transaction SMS inserts into pending dao" classname="com.expenseai.ProcessSmsUseCaseTest" time="0.011"/>
  <testcase name="empty inbox returns zero" classname="com.expenseai.ProcessSmsUseCaseTest" time="0.004"/>
  <system-out><![CDATA[]]></system-out>
  <system-err><![CDATA[]]></system-err>
</testsuite>
