<?xml version="1.0" encoding="UTF-8"?>
<testsuite name="com.expenseai.GemmaServiceTest" tests="5" skipped="0" failures="0" errors="0" timestamp="2026-04-09T04:07:15" hostname="WOLFSBANE" time="1.913">
  <properties/>
  <testcase name="parseReceipt sanitizes prompt injection in OCR text" classname="com.expenseai.GemmaServiceTest" time="1.891"/>
  <testcase name="fallback categorize identifies transport keywords" classname="com.expenseai.GemmaServiceTest" time="0.003"/>
  <testcase name="parseReceipt returns fallback when model not initialized" classname="com.expenseai.GemmaServiceTest" time="0.004"/>
  <testcase name="fallback categorize identifies food keywords" classname="com.expenseai.GemmaServiceTest" time="0.004"/>
  <testcase name="fallback insights contains total amount" classname="com.expenseai.GemmaServiceTest" time="0.01"/>
  <system-out><![CDATA[]]></system-out>
  <system-err><![CDATA[WARNING: A Java agent has been loaded dynamically (C:\Users\wolfs\.gradle\caches\modules-2\files-2.1\net.bytebuddy\byte-buddy-agent\1.14.6\46e2545d7a97b6ccb195621650c5957279eb4812\byte-buddy-agent-1.14.6.jar)
WARNING: If a serviceability tool is in use, please run with -XX:+EnableDynamicAgentLoading to hide this warning
WARNING: If a serviceability tool is not in use, please run with -Djdk.instrument.traceUsage for more information
WARNING: Dynamic loading of agents will be disallowed by default in a future release
]]></system-err>
</testsuite>
