<?xml version="1.0" encoding="UTF-8"?>
<testsuite name="com.expenseai.ProcessSharedTextUseCaseTest" tests="4" skipped="0" failures="0" errors="0" timestamp="2026-04-09T04:07:17" hostname="WOLFSBANE" time="0.074">
  <properties/>
  <testcase name="duplicate dedup key is not staged" classname="com.expenseai.ProcessSharedTextUseCaseTest" time="0.038"/>
  <testcase name="email candidate is staged when subject indicates a receipt" classname="com.expenseai.ProcessSharedTextUseCaseTest" time="0.012"/>
  <testcase name="unparseable shared text returns false" classname="com.expenseai.ProcessSharedTextUseCaseTest" time="0.01"/>
  <testcase name="sms markers prefer sms candidate when both parsers match" classname="com.expenseai.ProcessSharedTextUseCaseTest" time="0.014"/>
  <system-out><![CDATA[]]></system-out>
  <system-err><![CDATA[]]></system-err>
</testsuite>
